Les informations relatives à ces exemples de textiles sont disponibles depuis le lien :
https://fabrique-numerique.gitbook.io/ecobalyse/textile/exemples

Récupérer les données de l'Explorateur Ecobalyse ...
DataFrame créé avec succès au bout de : 5.63 secondes.
                                             Libelle      Categorie   ecs  \
0  Tshirt coton (150g) - Chine - Mode "fast fashion"  Tshirt / Polo  1162   
1  Tshirt synthétique (150g) - Asie - Mode "ultra...  Tshirt / Polo  1191   
2          Tshirt coton (150g) - Majorant par défaut  Tshirt / Polo  1851   
3        Tshirt lin (150g) - France - Mode "éthique"  Tshirt / Polo   419   
4  Tshirt coton bio (150g) - France - Mode "éthique"  Tshirt / Polo   482   
5                Tshirt coton (150g) - Remanufacturé  Tshirt / Polo   558   
6  Tshirt coton (150g) - France - Mode "tradition...  Tshirt / Polo   748   

           Pays                       Mode  Masse      Matiere  
0         Chine        Mode "fast fashion"   0.15        coton  
1          Asie  Mode "ultra fast fashion"   0.15  synthétique  
2  Pays inconnu        Majorant par défaut   0.15        coton  
3        France             Mode "éthique"   0.15          lin  
4        France             Mode "éthique"   0.15    coton bio  
5  Pays inconnu              Remanufacturé   0.15        coton  
6        France      Mode "traditionnelle"   0.15        coton  

DataFrame sauvegardé en fichier json, avec succès.

Ajouter les descriptions des différents textiles ...
DataFrame mis à jour avec succès au bout de : 2.69 secondes.
                                             Libelle      Categorie   ecs  \
0          Tshirt coton 150g Chine Mode fast fashion  Tshirt / Polo  1162   
1  Tshirt synthetique 150g Asie Mode ultra fast f...  Tshirt / Polo  1191   
2              Tshirt coton 150g Majorant par defaut  Tshirt / Polo  1851   
3                Tshirt lin 150g France Mode ethique  Tshirt / Polo   419   
4          Tshirt coton bio 150g France Mode ethique  Tshirt / Polo   482   
5                    Tshirt coton 150g Remanufacture  Tshirt / Polo   558   
6       Tshirt coton 150g France Mode traditionnelle  Tshirt / Polo   748   

           Pays                     Mode  Masse      Matiere  \
0         Chine        Mode fast fashion   0.15        coton   
1          Asie  Mode ultra fast fashion   0.15  synthetique   
2  Pays inconnu      Majorant par defaut   0.15        coton   
3        France             Mode ethique   0.15          lin   
4        France             Mode ethique   0.15    coton bio   
5  Pays inconnu            Remanufacture   0.15        coton   
6        France      Mode traditionnelle   0.15        coton   

                                         description  
0  T-shirt / Polo : 0,150kg, matière : 75% Coton ...  
1  T-shirt / Polo : 0,150kg, matière : 95% Polyes...  
2  T-shirt / Polo : 0,150kg, matière : 100% Coton...  
3  T-shirt / Polo : 0,150kg, matière : 100% Lin p...  
4  T-shirt / Polo : 0,150kg, matière : 100% Coton...  
5                                                NaN  
6  T-shirt / Polo : 0,150kg, matière : 100% Coton...  

DataFrame sauvegardé en fichier json, avec succès.
