Les informations relatives à ces exemples de textiles sont disponibles depuis le lien :
https://fabrique-numerique.gitbook.io/ecobalyse/textile/exemples

Récupérer les données de l'Explorateur Ecobalyse ...
DataFrame créé avec succès au bout de : 4.24 secondes.
                                             Libelle      Categorie   ecs  \
0  Tshirt coton (150g) - Chine - Mode "fast fashion"  Tshirt / Polo  1119   
1  Tshirt synthétique (150g) - Asie - Mode "ultra...  Tshirt / Polo  1191   
2          Tshirt coton (150g) - Majorant par défaut  Tshirt / Polo  1800   
3        Tshirt lin (150g) - France - Mode "éthique"  Tshirt / Polo   420   
4  Tshirt coton bio (150g) - France - Mode "éthique"  Tshirt / Polo   482   
5                Tshirt coton (150g) - Remanufacturé  Tshirt / Polo   573   
6  Tshirt coton (150g) - France - Mode "tradition...  Tshirt / Polo   718   

           Pays                       Mode  Masse      Matiere  
0         Chine        Mode "fast fashion"   0.15        coton  
1          Asie  Mode "ultra fast fashion"   0.15  synthétique  
2  Pays inconnu        Majorant par défaut   0.15        coton  
3        France             Mode "éthique"   0.15          lin  
4        France             Mode "éthique"   0.15    coton bio  
5  Pays inconnu              Remanufacturé   0.15        coton  
6        France      Mode "traditionnelle"   0.15        coton  

DataFrame sauvegardé en fichier json, avec succès.

Ajouter les descriptions des différents textiles ...
DataFrame mis à jour avec succès au bout de : 2.49 secondes.
                                             Libelle      Categorie   ecs  \
0          Tshirt coton 150g Chine Mode fast fashion  Tshirt / Polo  1119   
1  Tshirt synthetique 150g Asie Mode ultra fast f...  Tshirt / Polo  1191   
2              Tshirt coton 150g Majorant par defaut  Tshirt / Polo  1800   
3                Tshirt lin 150g France Mode ethique  Tshirt / Polo   420   
4          Tshirt coton bio 150g France Mode ethique  Tshirt / Polo   482   
6       Tshirt coton 150g France Mode traditionnelle  Tshirt / Polo   718   
7     Tshirt coton 150g Pakistan Mode traditionnelle  Tshirt / Polo   903   

           Pays                     Mode  Masse      Matiere  \
0         Chine        Mode fast fashion   0.15        coton   
1          Asie  Mode ultra fast fashion   0.15  synthetique   
2  Pays inconnu      Majorant par defaut   0.15        coton   
3        France             Mode ethique   0.15          lin   
4        France             Mode ethique   0.15    coton bio   
6        France      Mode traditionnelle   0.15        coton   
7      Pakistan      Mode traditionnelle   0.15        coton   

                                         description  
0  T-shirt / Polo : 0,150kg, matière : 75% Coton ...  
1  T-shirt / Polo : 0,150kg, matière : 95% Polyes...  
2  T-shirt / Polo : 0,150kg, matière : 100% Coton...  
3  T-shirt / Polo : 0,150kg, matière : 100% Lin p...  
4  T-shirt / Polo : 0,150kg, matière : 100% Coton...  
6  T-shirt / Polo : 0,150kg, matière : 100% Coton...  
7  T-shirt / Polo remanufacturé : 0,150kg, confec...  

DataFrame sauvegardé en fichier json, avec succès.

Calculer les impacts détaillés des différents textiles ...
DataFrame mis à jour avec succès au bout de : 3.19 secondes.
                                             Libelle      Categorie   ecs  \
0          Tshirt coton 150g Chine Mode fast fashion  Tshirt / Polo  1118   
1  Tshirt synthetique 150g Asie Mode ultra fast f...  Tshirt / Polo  1547   
2              Tshirt coton 150g Majorant par defaut  Tshirt / Polo  1855   
3                Tshirt lin 150g France Mode ethique  Tshirt / Polo   446   
4          Tshirt coton bio 150g France Mode ethique  Tshirt / Polo   507   
6       Tshirt coton 150g France Mode traditionnelle  Tshirt / Polo   751   
7     Tshirt coton 150g Pakistan Mode traditionnelle  Tshirt / Polo  1714   

           Pays                     Mode  Masse      Matiere  \
0         Chine        Mode fast fashion   0.15        coton   
1          Asie  Mode ultra fast fashion   0.15  synthetique   
2  Pays inconnu      Majorant par defaut   0.15        coton   
3        France             Mode ethique   0.15          lin   
4        France             Mode ethique   0.15    coton bio   
6        France      Mode traditionnelle   0.15        coton   
7      Pakistan      Mode traditionnelle   0.15        coton   

                                         description  \
0  T-shirt / Polo : 0,150kg, matière : 75% Coton ...   
1  T-shirt / Polo : 0,150kg, matière : 95% Polyes...   
2  T-shirt / Polo : 0,150kg, matière : 100% Coton...   
3  T-shirt / Polo : 0,150kg, matière : 100% Lin p...   
4  T-shirt / Polo : 0,150kg, matière : 100% Coton...   
6  T-shirt / Polo : 0,150kg, matière : 100% Coton...   
7  T-shirt / Polo remanufacturé : 0,150kg, confec...   

                          business  numberOfReferences  price traceability  \
0  large-business-without-services             12000.0   20.0        False   
1  large-business-without-services            100000.0   10.0        False   
2  large-business-without-services            100000.0   10.0        False   
3                   small-business               200.0   30.0         True   
4                   small-business               200.0   30.0         True   
6     large-business-with-services              2500.0   30.0        False   
7     large-business-with-services            100000.0   10.0        False   

  product  airTransportRatio  \
0  tshirt                1.0   
1  tshirt                1.0   
2  tshirt                1.0   
3  tshirt                1.0   
4  tshirt                1.0   
6  tshirt                1.0   
7  tshirt                1.0   

                                           materials countrySpinning  \
0  {'id': 'ei-coton', 'share': 0.75}, {'id': 'cot...              CN   
1  {'id': 'ei-pet', 'share': 0.95}, {'id': 'ei-pp...             RAS   
2                     {'id': 'ei-coton', 'share': 1}             ---   
3                       {'id': 'ei-lin', 'share': 1}              TR   
4             {'id': 'ei-coton-organic', 'share': 1}              TR   
6                     {'id': 'ei-coton', 'share': 1}              TR   
7                     {'id': 'ei-coton', 'share': 1}             ---   

  countryFabric countryDyeing countryMaking  durability  ecs_materials  \
0            CN            CN            CN        0.92         361.29   
1           RAS           RAS           RAS        0.67         185.39   
2           ---           ---           ---        0.67         445.82   
3            FR            FR            FR        1.45         102.70   
4            FR            FR            FR        1.45         191.94   
6            FR            FR            FR        1.29         445.82   
7           ---           ---           ---        0.77         445.82   

   ecs_transformation  ecs_complementsImpacts  ecs_transport  ecs_utilisation  \
0              388.93                   80.71          82.30           155.68   
1              321.98                  319.03          81.08           113.91   
2              530.02                  110.82          74.55           113.91   
3              203.39                   51.21          17.10           246.81   
4              203.39                   51.21          17.99           246.81   
6              203.39                   57.56          17.99           220.23   
7              651.45                   47.73          66.13           132.90   

   ecs_fin_de_vie                                             Etapes  
0           41.73  {'matieres_premieres': 35.13, 'transformation'...  
1           95.73  {'matieres_premieres': 17.89, 'transformation'...  
2           41.73  {'matieres_premieres': 35.87, 'transformation'...  
3           41.73  {'matieres_premieres': 15.88, 'transformation'...  
4           41.73  {'matieres_premieres': 26.11, 'transformation'...  
6           41.73  {'matieres_premieres': 46.02, 'transformation'...  
7           41.73  {'matieres_premieres': 33.78, 'transformation'...  

DataFrame sauvegardé en fichier json, avec succès.
