Les informations relatives à ces exemples de textiles sont disponibles depuis le lien :
https://fabrique-numerique.gitbook.io/ecobalyse/textile/exemples

Récupérer les données de l'Explorateur Ecobalyse ...
DataFrame créé avec succès au bout de : 4.47 secondes.
                                             Libelle      Categorie   ecs  \
0  Tshirt coton (150g) - Chine - Mode "fast fashion"  Tshirt / Polo  1162   
1  Tshirt synthétique (150g) - Asie - Mode "ultra...  Tshirt / Polo  1191   
2          Tshirt coton (150g) - Majorant par défaut  Tshirt / Polo  1851   
3        Tshirt lin (150g) - France - Mode "éthique"  Tshirt / Polo   419   
4  Tshirt coton bio (150g) - France - Mode "éthique"  Tshirt / Polo   482   
5                Tshirt coton (150g) - Remanufacturé  Tshirt / Polo   558   
6  Tshirt coton (150g) - France - Mode "tradition...  Tshirt / Polo   748   

           Pays                       Mode  Masse      Matiere  
0         Chine        Mode "fast fashion"   0.15        coton  
1          Asie  Mode "ultra fast fashion"   0.15  synthétique  
2  Pays inconnu        Majorant par défaut   0.15        coton  
3        France             Mode "éthique"   0.15          lin  
4        France             Mode "éthique"   0.15    coton bio  
5  Pays inconnu              Remanufacturé   0.15        coton  
6        France      Mode "traditionnelle"   0.15        coton  

DataFrame sauvegardé en fichier json, avec succès.

Ajouter les descriptions des différents textiles ...
DataFrame mis à jour avec succès au bout de : 2.77 secondes.
                                             Libelle      Categorie   ecs  \
0          Tshirt coton 150g Chine Mode fast fashion  Tshirt / Polo  1162   
1  Tshirt synthetique 150g Asie Mode ultra fast f...  Tshirt / Polo  1191   
2              Tshirt coton 150g Majorant par defaut  Tshirt / Polo  1851   
3                Tshirt lin 150g France Mode ethique  Tshirt / Polo   419   
4          Tshirt coton bio 150g France Mode ethique  Tshirt / Polo   482   
6       Tshirt coton 150g France Mode traditionnelle  Tshirt / Polo   748   
7     Tshirt coton 150g Pakistan Mode traditionnelle  Tshirt / Polo   931   

           Pays                     Mode  Masse      Matiere  \
0         Chine        Mode fast fashion   0.15        coton   
1          Asie  Mode ultra fast fashion   0.15  synthetique   
2  Pays inconnu      Majorant par defaut   0.15        coton   
3        France             Mode ethique   0.15          lin   
4        France             Mode ethique   0.15    coton bio   
6        France      Mode traditionnelle   0.15        coton   
7      Pakistan      Mode traditionnelle   0.15        coton   

                                         description  
0  T-shirt / Polo : 0,150kg, matière : 75% Coton ...  
1  T-shirt / Polo : 0,150kg, matière : 95% Polyes...  
2  T-shirt / Polo : 0,150kg, matière : 100% Coton...  
3  T-shirt / Polo : 0,150kg, matière : 100% Lin p...  
4  T-shirt / Polo : 0,150kg, matière : 100% Coton...  
6  T-shirt / Polo : 0,150kg, matière : 100% Coton...  
7  T-shirt / Polo remanufacturé : 0,150kg, confec...  

DataFrame sauvegardé en fichier json, avec succès.

Calculer les impacts détaillés des différents textiles ...
DataFrame mis à jour avec succès au bout de : 3.47 secondes.
                                             Libelle      Categorie   ecs  \
0          Tshirt coton 150g Chine Mode fast fashion  Tshirt / Polo  1161   
1  Tshirt synthetique 150g Asie Mode ultra fast f...  Tshirt / Polo  1546   
2              Tshirt coton 150g Majorant par defaut  Tshirt / Polo  1905   
3                Tshirt lin 150g France Mode ethique  Tshirt / Polo   445   
4          Tshirt coton bio 150g France Mode ethique  Tshirt / Polo   508   
6       Tshirt coton 150g France Mode traditionnelle  Tshirt / Polo   782   
7     Tshirt coton 150g Pakistan Mode traditionnelle  Tshirt / Polo  1749   

           Pays                     Mode  Masse      Matiere  \
0         Chine        Mode fast fashion   0.15        coton   
1          Asie  Mode ultra fast fashion   0.15  synthetique   
2  Pays inconnu      Majorant par defaut   0.15        coton   
3        France             Mode ethique   0.15          lin   
4        France             Mode ethique   0.15    coton bio   
6        France      Mode traditionnelle   0.15        coton   
7      Pakistan      Mode traditionnelle   0.15        coton   

                                         description  \
0  T-shirt / Polo : 0,150kg, matière : 75% Coton ...   
1  T-shirt / Polo : 0,150kg, matière : 95% Polyes...   
2  T-shirt / Polo : 0,150kg, matière : 100% Coton...   
3  T-shirt / Polo : 0,150kg, matière : 100% Lin p...   
4  T-shirt / Polo : 0,150kg, matière : 100% Coton...   
6  T-shirt / Polo : 0,150kg, matière : 100% Coton...   
7  T-shirt / Polo remanufacturé : 0,150kg, confec...   

                          business  numberOfReferences  price traceability  \
0  large-business-without-services             12000.0   20.0        False   
1  large-business-without-services            100000.0   10.0        False   
2  large-business-without-services            100000.0   10.0        False   
3                   small-business               200.0   30.0         True   
4                   small-business               200.0   30.0         True   
6     large-business-with-services              2500.0   30.0        False   
7     large-business-with-services            100000.0   10.0        False   

  product  airTransportRatio  \
0  tshirt                1.0   
1  tshirt                1.0   
2  tshirt                1.0   
3  tshirt                1.0   
4  tshirt                1.0   
6  tshirt                1.0   
7  tshirt                1.0   

                                           materials countrySpinning  \
0  {'id': 'ei-coton', 'share': 0.75}, {'id': 'cot...              CN   
1  {'id': 'ei-pet', 'share': 0.95}, {'id': 'ei-pp...             RAS   
2                     {'id': 'ei-coton', 'share': 1}             ---   
3                       {'id': 'ei-lin', 'share': 1}              TR   
4             {'id': 'ei-coton-organic', 'share': 1}              TR   
6                     {'id': 'ei-coton', 'share': 1}              TR   
7                     {'id': 'ei-coton', 'share': 1}             ---   

  countryFabric countryDyeing countryMaking  durability  ecs_materials  \
0            CN            CN            CN        0.92         391.32   
1           RAS           RAS           RAS        0.67         184.03   
2           ---           ---           ---        0.67         484.58   
3            FR            FR            FR        1.45         101.44   
4            FR            FR            FR        1.45         191.94   
6            FR            FR            FR        1.29         484.58   
7           ---           ---           ---        0.77         484.58   

   ecs_transformation  ecs_complementsImpacts  ecs_transport  ecs_utilisation  \
0              398.60                   80.71          82.46           155.21   
1              323.14                  319.03          81.24           113.57   
2              525.62                  110.82          74.69           113.57   
3              204.25                   51.21          17.17           246.07   
4              204.25                   51.21          18.05           246.07   
6              204.25                   57.56          18.05           219.57   
7              639.92                   47.73          66.24           132.50   

   ecs_fin_de_vie                                             Etapes  
0           41.73  {'matieres_premieres': 36.64, 'transformation'...  
1           95.73  {'matieres_premieres': 17.77, 'transformation'...  
2           41.73  {'matieres_premieres': 37.97, 'transformation'...  
3           41.73  {'matieres_premieres': 15.72, 'transformation'...  
4           41.73  {'matieres_premieres': 26.06, 'transformation'...  
6           41.73  {'matieres_premieres': 48.04, 'transformation'...  
7           41.73  {'matieres_premieres': 35.98, 'transformation'...  

DataFrame sauvegardé en fichier json, avec succès.
